xrun(64): 18.09-s011: (c) Copyright 1995-2019 Cadence Design Systems, Inc.
TOOL:	xrun(64)	18.09-s011: Started on Nov 30, 2022 at 17:49:38 CST
xrun
	-64bit
	-access r
	../test/pc_head_32_tb.v
Recompiling... reason: file '../test/pc_head_32_tb.v' is newer than expected.
	expected: Wed Nov 30 17:47:36 2022
	actual:   Wed Nov 30 17:49:37 2022
file: ../test/pc_head_32_tb.v
	module worklib.pc_head_32_tb:v
		errors: 0, warnings: 0
		Caching library 'worklib' ....... Done
	Elaborating the design hierarchy:
	Top level design units:
		pc_head_32_tb
	Building instance overlay tables: .................... Done
	Generating native compiled code:
		worklib.pc_head_32_tb:v <0x66cf0a50>
			streams:   3, words: 17038
	Building instance specific data structures.
	Loading native compiled code:     .................... Done
	Design hierarchy summary:
		                  Instances  Unique
		Modules:                  2       2
		Registers:                3       3
		Scalar wires:             1       -
		Vectored wires:           2       -
		Always blocks:            1       1
		Initial blocks:           1       1
		Pseudo assignments:       2       2
		Simulation timescale:  10ps
	Writing initial simulation snapshot: worklib.pc_head_32_tb:v
Loading snapshot worklib.pc_head_32_tb:v .................... Done
xcelium> source /vol/cadence2018/XCELIUM1809/tools/xcelium/files/xmsimrc
xcelium> run
-----------------pc_head_32------------------
addr_t: 00000000000000000000000000000001
clk_t:   0
new_addr_t:  00000000000000000000000000000001
-----------------pc_head_32------------------
addr_t: 00000000000000000000000000000001
clk_t:   1
new_addr_t:  00000000000000000000000000000001
-----------------pc_head_32------------------
addr_t: 00000000000000000000000000000001
clk_t:   0
new_addr_t:  00000000000000000000000000000001
-----------------pc_head_32------------------
addr_t: 00000000000000001111111111111111
clk_t:   1
new_addr_t:  00000000000000000000000000000001
-----------------pc_head_32------------------
addr_t: 00000000000000001111111111111111
clk_t:   0
new_addr_t:  00000000000000001111111111111111
-----------------pc_head_32------------------
addr_t: 00000000000000000000000000000001
clk_t:   1
new_addr_t:  00000000000000001111111111111111
-----------------pc_head_32------------------
addr_t: 00000000000000000000000000000001
clk_t:   0
new_addr_t:  00000000000000000000000000000001
xmsim: *W,RNQUIE: Simulation is complete.
xcelium> exit
TOOL:	xrun(64)	18.09-s011: Exiting on Nov 30, 2022 at 17:49:39 CST  (total: 00:00:01)
